c:\users\adam\desktop\current work\ml01\ml_back_prop\debug\vc120.pdb
c:\users\adam\desktop\current work\ml01\ml_back_prop\debug\vc120.idb
c:\users\adam\desktop\current work\ml01\ml_back_prop\debug\c2dmatrix.obj
c:\users\adam\desktop\current work\ml01\ml_back_prop\debug\cbackpropcontroller.obj
c:\users\adam\desktop\current work\ml01\ml_back_prop\debug\cbasicea.obj
c:\users\adam\desktop\current work\ml01\ml_back_prop\debug\ccollisionobject.obj
c:\users\adam\desktop\current work\ml01\ml_back_prop\debug\ccontcollisionobject.obj
c:\users\adam\desktop\current work\ml01\ml_back_prop\debug\ccontcontroller.obj
c:\users\adam\desktop\current work\ml01\ml_back_prop\debug\ccontroller.obj
c:\users\adam\desktop\current work\ml01\ml_back_prop\debug\ccontminesweeper.obj
c:\users\adam\desktop\current work\ml01\ml_back_prop\debug\cdisccollisionobject.obj
c:\users\adam\desktop\current work\ml01\ml_back_prop\debug\cdisccontroller.obj
c:\users\adam\desktop\current work\ml01\ml_back_prop\debug\cdiscminesweeper.obj
c:\users\adam\desktop\current work\ml01\ml_back_prop\debug\ceacontroller.obj
c:\users\adam\desktop\current work\ml01\ml_back_prop\debug\cneuralnet.obj
c:\users\adam\desktop\current work\ml01\ml_back_prop\debug\cparams.obj
c:\users\adam\desktop\current work\ml01\ml_back_prop\debug\cqlearningcontroller.obj
c:\users\adam\desktop\current work\ml01\ml_back_prop\debug\ctimer.obj
c:\users\adam\desktop\current work\ml01\ml_back_prop\debug\main.obj
c:\users\adam\desktop\current work\ml01\ml_back_prop\debug\cminesweeper.obj
c:\users\adam\desktop\current work\ml01\ml_back_prop\debug\utils.obj
c:\users\adam\desktop\current work\ml01\ml_back_prop\debug\smart sweepers.tlog\cl.command.1.tlog
c:\users\adam\desktop\current work\ml01\ml_back_prop\debug\smart sweepers.tlog\cl.read.1.tlog
c:\users\adam\desktop\current work\ml01\ml_back_prop\debug\smart sweepers.tlog\cl.write.1.tlog
c:\users\adam\desktop\current work\ml01\ml_back_prop\debug\smart sweepers.tlog\rc.command.1.tlog
c:\users\adam\desktop\current work\ml01\ml_back_prop\debug\smart sweepers.tlog\rc.read.1.tlog
c:\users\adam\desktop\current work\ml01\ml_back_prop\debug\smart sweepers.tlog\rc.write.1.tlog
