Build started 2014/09/08 11:08:00 PM.
     1>Project "C:\Users\Adam\Documents\ML01\smart sweepers.vcxproj" on node 2 (Build target(s)).
     1>ClCompile:
         C:\Program Files (x86)\Microsoft Visual Studio 12.0\VC\bin\CL.exe /c /ZI /nologo /W3 /WX- /Od /Oy- /D WIN32 /D _DEBUG /D _WINDOWS /D _VC80_UPGRADE=0x0600 /D _MBCS /Gm /EHsc /RTC1 /MTd /GS /Gy- /fp:precise /Zc:wchar_t /Zc:forScope /Fo".\Debug\\" /Fd".\Debug\vc120.pdb" /Gd /TP /analyze- /errorReport:prompt CNeuralNet.cpp
         CNeuralNet.cpp
     1>c:\users\adam\documents\ml01\cneuralnet.cpp(160): warning C4018: '<' : signed/unsigned mismatch
     1>c:\users\adam\documents\ml01\cneuralnet.cpp(169): warning C4018: '<' : signed/unsigned mismatch
     1>c:\users\adam\documents\ml01\cneuralnet.cpp(184): warning C4018: '<' : signed/unsigned mismatch
     1>c:\users\adam\documents\ml01\cneuralnet.cpp(189): warning C4018: '<' : signed/unsigned mismatch
     1>c:\users\adam\documents\ml01\cneuralnet.cpp(199): warning C4018: '<' : signed/unsigned mismatch
     1>c:\users\adam\documents\ml01\cneuralnet.cpp(220): warning C4018: '<' : signed/unsigned mismatch
     1>c:\users\adam\documents\ml01\cneuralnet.cpp(222): warning C4244: '=' : conversion from 'double' to 'float', possible loss of data
     1>c:\users\adam\documents\ml01\cneuralnet.cpp(242): warning C4018: '<' : signed/unsigned mismatch
     1>c:\users\adam\documents\ml01\cneuralnet.cpp(276): warning C4018: '<' : signed/unsigned mismatch
     1>c:\users\adam\documents\ml01\cneuralnet.cpp(280): warning C4244: '=' : conversion from 'double' to 'float', possible loss of data
     1>c:\users\adam\documents\ml01\cneuralnet.cpp(281): warning C4244: '=' : conversion from 'int' to 'float', possible loss of data
     1>c:\users\adam\documents\ml01\cneuralnet.cpp(286): warning C4244: 'return' : conversion from 'float' to 'uint', possible loss of data
       Link:
         C:\Program Files (x86)\Microsoft Visual Studio 12.0\VC\bin\link.exe /ERRORREPORT:PROMPT /OUT:".\Debug\smart sweepers.exe" /INCREMENTAL /NOLOGO odbc32.lib odbccp32.lib kernel32.lib user32.lib gdi32.lib winspool.lib comdlg32.lib advapi32.lib shell32.lib ole32.lib oleaut32.lib uuid.lib odbc32.lib odbccp32.lib /MANIFEST /MANIFESTUAC:"level='asInvoker' uiAccess='false'" /manifest:embed /DEBUG /PDB:".\Debug\smart sweepers.pdb" /SUBSYSTEM:WINDOWS /TLBID:1 /DYNAMICBASE /NXCOMPAT /IMPLIB:".\Debug\smart sweepers.lib" /MACHINE:X86 /SAFESEH .\Debug\Script1.res
         .\Debug\C2DMatrix.obj
         .\Debug\CBackPropController.obj
         .\Debug\CBasicEA.obj
         .\Debug\CCollisionObject.obj
         .\Debug\CContCollisionObject.obj
         .\Debug\CContController.obj
         .\Debug\CController.obj
         .\Debug\CContMinesweeper.obj
         .\Debug\CDiscCollisionObject.obj
         .\Debug\CDiscController.obj
         .\Debug\CDiscMinesweeper.obj
         .\Debug\CEAController.obj
         .\Debug\CNeuralNet.obj
         .\Debug\CParams.obj
         .\Debug\CQLearningController.obj
         .\Debug\CTimer.obj
         .\Debug\main.obj
         .\Debug\CMinesweeper.obj
         .\Debug\utils.obj
         smart sweepers.vcxproj -> C:\Users\Adam\Documents\ML01\.\Debug\smart sweepers.exe
     1>Done Building Project "C:\Users\Adam\Documents\ML01\smart sweepers.vcxproj" (Build target(s)).

Build succeeded.

Time Elapsed 00:00:00.96
